The system is: Darwin - 11.4.2 - i386
Compiling the C compiler identification source file "CMakeCCompilerId.c" succeeded.
Compiler: /usr/bin/gcc 
Build flags: 
Id flags: 

The output was:
0


Compilation of the C compiler identification source "CMakeCCompilerId.c" produced "a.out"

The C compiler identification is GNU, found in "/Users/kareth/code/tron/CMakeFiles/CompilerIdC/a.out"

Compiling the CXX compiler identification source file "CMakeCXXCompilerId.cpp" succeeded.
Compiler: /usr/bin/c++ 
Build flags: 
Id flags: 

The output was:
0


Compilation of the CXX compiler identification source "CMakeCXXCompilerId.cpp" produced "a.out"

The CXX compiler identification is Clang, found in "/Users/kareth/code/tron/CMakeFiles/CompilerIdCXX/a.out"

Determining if the C compiler works passed with the following output:
Change Dir: /Users/kareth/code/tron/CMakeFiles/CMakeTmp

Run Build Command:/usr/bin/make "cmTryCompileExec12754224/fast"
/usr/bin/make -f CMakeFiles/cmTryCompileExec12754224.dir/build.make CMakeFiles/cmTryCompileExec12754224.dir/build
/usr/local/Cellar/cmake/2.8.9/bin/cmake -E cmake_progress_report /Users/kareth/code/tron/CMakeFiles/CMakeTmp/CMakeFiles 1
Building C object CMakeFiles/cmTryCompileExec12754224.dir/testCCompiler.c.o
/usr/bin/gcc    -o CMakeFiles/cmTryCompileExec12754224.dir/testCCompiler.c.o   -c /Users/kareth/code/tron/CMakeFiles/CMakeTmp/testCCompiler.c
Linking C executable cmTryCompileExec12754224
/usr/local/Cellar/cmake/2.8.9/bin/cmake -E cmake_link_script CMakeFiles/cmTryCompileExec12754224.dir/link.txt --verbose=1
/usr/bin/gcc      -Wl,-search_paths_first -Wl,-headerpad_max_install_names   CMakeFiles/cmTryCompileExec12754224.dir/testCCompiler.c.o  -o cmTryCompileExec12754224  


Detecting C compiler ABI info compiled with the following output:
Change Dir: /Users/kareth/code/tron/CMakeFiles/CMakeTmp

Run Build Command:/usr/bin/make "cmTryCompileExec1224691812/fast"
/usr/bin/make -f CMakeFiles/cmTryCompileExec1224691812.dir/build.make CMakeFiles/cmTryCompileExec1224691812.dir/build
/usr/local/Cellar/cmake/2.8.9/bin/cmake -E cmake_progress_report /Users/kareth/code/tron/CMakeFiles/CMakeTmp/CMakeFiles 1
Building C object CMakeFiles/cmTryCompileExec1224691812.dir/CMakeCCompilerABI.c.o
/usr/bin/gcc    -o CMakeFiles/cmTryCompileExec1224691812.dir/CMakeCCompilerABI.c.o   -c /usr/local/Cellar/cmake/2.8.9/share/cmake/Modules/CMakeCCompilerABI.c
Linking C executable cmTryCompileExec1224691812
/usr/local/Cellar/cmake/2.8.9/bin/cmake -E cmake_link_script CMakeFiles/cmTryCompileExec1224691812.dir/link.txt --verbose=1
/usr/bin/gcc      -Wl,-search_paths_first -Wl,-headerpad_max_install_names -v CMakeFiles/cmTryCompileExec1224691812.dir/CMakeCCompilerABI.c.o  -o cmTryCompileExec1224691812   
Using built-in specs.
Target: i686-apple-darwin11
Configured with: /private/var/tmp/llvmgcc42/llvmgcc42-2336.9~22/src/configure --disable-checking --enable-werror --prefix=/Applications/Xcode.app/Contents/Developer/usr/llvm-gcc-4.2 --mandir=/share/man --enable-languages=c,objc,c++,obj-c++ --program-prefix=llvm- --program-transform-name=/^[cg][^.-]*$/s/$/-4.2/ --with-slibdir=/usr/lib --build=i686-apple-darwin11 --enable-llvm=/private/var/tmp/llvmgcc42/llvmgcc42-2336.9~22/dst-llvmCore/Developer/usr/local --program-prefix=i686-apple-darwin11- --host=x86_64-apple-darwin11 --target=i686-apple-darwin11 --with-gxx-include-dir=/usr/include/c++/4.2.1
Thread model: posix
gcc version 4.2.1 (Based on Apple Inc. build 5658) (LLVM build 2336.9.00)
 /usr/llvm-gcc-4.2/bin/../libexec/gcc/i686-apple-darwin11/4.2.1/collect2 -dynamic -arch x86_64 -macosx_version_min 10.7.4 -weak_reference_mismatches non-weak -o cmTryCompileExec1224691812 -lcrt1.10.6.o -L/usr/llvm-gcc-4.2/bin/../lib/gcc/i686-apple-darwin11/4.2.1/x86_64 -L/Applications/Xcode.app/Contents/Developer/usr/llvm-gcc-4.2/lib/gcc/i686-apple-darwin11/4.2.1/x86_64 -L/usr/lib/gcc/i686-apple-darwin11/4.2.1/x86_64 -L/usr/lib/i686-apple-darwin11/4.2.1 -L/usr/llvm-gcc-4.2/bin/../lib/gcc/i686-apple-darwin11/4.2.1 -L/usr/llvm-gcc-4.2/bin/../lib/gcc -L/Applications/Xcode.app/Contents/Developer/usr/llvm-gcc-4.2/lib/gcc/i686-apple-darwin11/4.2.1 -L/usr/lib/gcc/i686-apple-darwin11/4.2.1 -L/usr/llvm-gcc-4.2/bin/../lib/gcc/i686-apple-darwin11/4.2.1/../../.. -L/Applications/Xcode.app/Contents/Developer/usr/llvm-gcc-4.2/lib/gcc/i686-apple-darwin11/4.2.1/../../.. -search_paths_first -headerpad_max_install_names CMakeFiles/cmTryCompileExec1224691812.dir/CMakeCCompilerABI.c.o -lSystem -lgcc -lSystem


Parsed C implicit link information from above output:
  link line regex: [^( *|.*[/\])(ld|ld|collect2)[^/\]*( |$)]
  ignore line: [Change Dir: /Users/kareth/code/tron/CMakeFiles/CMakeTmp]
  ignore line: []
  ignore line: [Run Build Command:/usr/bin/make "cmTryCompileExec1224691812/fast"]
  ignore line: [/usr/bin/make -f CMakeFiles/cmTryCompileExec1224691812.dir/build.make CMakeFiles/cmTryCompileExec1224691812.dir/build]
  ignore line: [/usr/local/Cellar/cmake/2.8.9/bin/cmake -E cmake_progress_report /Users/kareth/code/tron/CMakeFiles/CMakeTmp/CMakeFiles 1]
  ignore line: [Building C object CMakeFiles/cmTryCompileExec1224691812.dir/CMakeCCompilerABI.c.o]
  ignore line: [/usr/bin/gcc    -o CMakeFiles/cmTryCompileExec1224691812.dir/CMakeCCompilerABI.c.o   -c /usr/local/Cellar/cmake/2.8.9/share/cmake/Modules/CMakeCCompilerABI.c]
  ignore line: [Linking C executable cmTryCompileExec1224691812]
  ignore line: [/usr/local/Cellar/cmake/2.8.9/bin/cmake -E cmake_link_script CMakeFiles/cmTryCompileExec1224691812.dir/link.txt --verbose=1]
  ignore line: [/usr/bin/gcc      -Wl,-search_paths_first -Wl,-headerpad_max_install_names -v CMakeFiles/cmTryCompileExec1224691812.dir/CMakeCCompilerABI.c.o  -o cmTryCompileExec1224691812   ]
  ignore line: [Using built-in specs.]
  ignore line: [Target: i686-apple-darwin11]
  ignore line: [Configured with: /private/var/tmp/llvmgcc42/llvmgcc42-2336.9~22/src/configure --disable-checking --enable-werror --prefix=/Applications/Xcode.app/Contents/Developer/usr/llvm-gcc-4.2 --mandir=/share/man --enable-languages=c,objc,c++,obj-c++ --program-prefix=llvm- --program-transform-name=/^[cg][^.-]*$/s/$/-4.2/ --with-slibdir=/usr/lib --build=i686-apple-darwin11 --enable-llvm=/private/var/tmp/llvmgcc42/llvmgcc42-2336.9~22/dst-llvmCore/Developer/usr/local --program-prefix=i686-apple-darwin11- --host=x86_64-apple-darwin11 --target=i686-apple-darwin11 --with-gxx-include-dir=/usr/include/c++/4.2.1]
  ignore line: [Thread model: posix]
  ignore line: [gcc version 4.2.1 (Based on Apple Inc. build 5658) (LLVM build 2336.9.00)]
  link line: [ /usr/llvm-gcc-4.2/bin/../libexec/gcc/i686-apple-darwin11/4.2.1/collect2 -dynamic -arch x86_64 -macosx_version_min 10.7.4 -weak_reference_mismatches non-weak -o cmTryCompileExec1224691812 -lcrt1.10.6.o -L/usr/llvm-gcc-4.2/bin/../lib/gcc/i686-apple-darwin11/4.2.1/x86_64 -L/Applications/Xcode.app/Contents/Developer/usr/llvm-gcc-4.2/lib/gcc/i686-apple-darwin11/4.2.1/x86_64 -L/usr/lib/gcc/i686-apple-darwin11/4.2.1/x86_64 -L/usr/lib/i686-apple-darwin11/4.2.1 -L/usr/llvm-gcc-4.2/bin/../lib/gcc/i686-apple-darwin11/4.2.1 -L/usr/llvm-gcc-4.2/bin/../lib/gcc -L/Applications/Xcode.app/Contents/Developer/usr/llvm-gcc-4.2/lib/gcc/i686-apple-darwin11/4.2.1 -L/usr/lib/gcc/i686-apple-darwin11/4.2.1 -L/usr/llvm-gcc-4.2/bin/../lib/gcc/i686-apple-darwin11/4.2.1/../../.. -L/Applications/Xcode.app/Contents/Developer/usr/llvm-gcc-4.2/lib/gcc/i686-apple-darwin11/4.2.1/../../.. -search_paths_first -headerpad_max_install_names CMakeFiles/cmTryCompileExec1224691812.dir/CMakeCCompilerABI.c.o -lSystem -lgcc -lSystem]
    arg [/usr/llvm-gcc-4.2/bin/../libexec/gcc/i686-apple-darwin11/4.2.1/collect2] ==> ignore
    arg [-dynamic] ==> ignore
    arg [-arch] ==> ignore
    arg [x86_64] ==> ignore
    arg [-macosx_version_min] ==> ignore
    arg [10.7.4] ==> ignore
    arg [-weak_reference_mismatches] ==> ignore
    arg [non-weak] ==> ignore
    arg [-o] ==> ignore
    arg [cmTryCompileExec1224691812] ==> ignore
    arg [-lcrt1.10.6.o] ==> lib [crt1.10.6.o]
    arg [-L/usr/llvm-gcc-4.2/bin/../lib/gcc/i686-apple-darwin11/4.2.1/x86_64] ==> dir [/usr/llvm-gcc-4.2/bin/../lib/gcc/i686-apple-darwin11/4.2.1/x86_64]
    arg [-L/Applications/Xcode.app/Contents/Developer/usr/llvm-gcc-4.2/lib/gcc/i686-apple-darwin11/4.2.1/x86_64] ==> dir [/Applications/Xcode.app/Contents/Developer/usr/llvm-gcc-4.2/lib/gcc/i686-apple-darwin11/4.2.1/x86_64]
    arg [-L/usr/lib/gcc/i686-apple-darwin11/4.2.1/x86_64] ==> dir [/usr/lib/gcc/i686-apple-darwin11/4.2.1/x86_64]
    arg [-L/usr/lib/i686-apple-darwin11/4.2.1] ==> dir [/usr/lib/i686-apple-darwin11/4.2.1]
    arg [-L/usr/llvm-gcc-4.2/bin/../lib/gcc/i686-apple-darwin11/4.2.1] ==> dir [/usr/llvm-gcc-4.2/bin/../lib/gcc/i686-apple-darwin11/4.2.1]
    arg [-L/usr/llvm-gcc-4.2/bin/../lib/gcc] ==> dir [/usr/llvm-gcc-4.2/bin/../lib/gcc]
    arg [-L/Applications/Xcode.app/Contents/Developer/usr/llvm-gcc-4.2/lib/gcc/i686-apple-darwin11/4.2.1] ==> dir [/Applications/Xcode.app/Contents/Developer/usr/llvm-gcc-4.2/lib/gcc/i686-apple-darwin11/4.2.1]
    arg [-L/usr/lib/gcc/i686-apple-darwin11/4.2.1] ==> dir [/usr/lib/gcc/i686-apple-darwin11/4.2.1]
    arg [-L/usr/llvm-gcc-4.2/bin/../lib/gcc/i686-apple-darwin11/4.2.1/../../..] ==> dir [/usr/llvm-gcc-4.2/bin/../lib/gcc/i686-apple-darwin11/4.2.1/../../..]
    arg [-L/Applications/Xcode.app/Contents/Developer/usr/llvm-gcc-4.2/lib/gcc/i686-apple-darwin11/4.2.1/../../..] ==> dir [/Applications/Xcode.app/Contents/Developer/usr/llvm-gcc-4.2/lib/gcc/i686-apple-darwin11/4.2.1/../../..]
    arg [-search_paths_first] ==> ignore
    arg [-headerpad_max_install_names] ==> ignore
    arg [CMakeFiles/cmTryCompileExec1224691812.dir/CMakeCCompilerABI.c.o] ==> ignore
    arg [-lSystem] ==> lib [System]
    arg [-lgcc] ==> lib [gcc]
    arg [-lSystem] ==> lib [System]
  remove lib [crt1.10.6.o]
  remove lib [System]
  remove lib [gcc]
  remove lib [System]
  collapse dir [/usr/llvm-gcc-4.2/bin/../lib/gcc/i686-apple-darwin11/4.2.1/x86_64] ==> [/usr/llvm-gcc-4.2/lib/gcc/i686-apple-darwin11/4.2.1/x86_64]
  collapse dir [/Applications/Xcode.app/Contents/Developer/usr/llvm-gcc-4.2/lib/gcc/i686-apple-darwin11/4.2.1/x86_64] ==> [/Applications/Xcode.app/Contents/Developer/usr/llvm-gcc-4.2/lib/gcc/i686-apple-darwin11/4.2.1/x86_64]
  collapse dir [/usr/lib/gcc/i686-apple-darwin11/4.2.1/x86_64] ==> [/usr/lib/gcc/i686-apple-darwin11/4.2.1/x86_64]
  collapse dir [/usr/lib/i686-apple-darwin11/4.2.1] ==> [/usr/lib/i686-apple-darwin11/4.2.1]
  collapse dir [/usr/llvm-gcc-4.2/bin/../lib/gcc/i686-apple-darwin11/4.2.1] ==> [/usr/llvm-gcc-4.2/lib/gcc/i686-apple-darwin11/4.2.1]
  collapse dir [/usr/llvm-gcc-4.2/bin/../lib/gcc] ==> [/usr/llvm-gcc-4.2/lib/gcc]
  collapse dir [/Applications/Xcode.app/Contents/Developer/usr/llvm-gcc-4.2/lib/gcc/i686-apple-darwin11/4.2.1] ==> [/Applications/Xcode.app/Contents/Developer/usr/llvm-gcc-4.2/lib/gcc/i686-apple-darwin11/4.2.1]
  collapse dir [/usr/lib/gcc/i686-apple-darwin11/4.2.1] ==> [/usr/lib/gcc/i686-apple-darwin11/4.2.1]
  collapse dir [/usr/llvm-gcc-4.2/bin/../lib/gcc/i686-apple-darwin11/4.2.1/../../..] ==> [/usr/llvm-gcc-4.2/lib]
  collapse dir [/Applications/Xcode.app/Contents/Developer/usr/llvm-gcc-4.2/lib/gcc/i686-apple-darwin11/4.2.1/../../..] ==> [/Applications/Xcode.app/Contents/Developer/usr/llvm-gcc-4.2/lib]
  implicit libs: []
  implicit dirs: [/usr/llvm-gcc-4.2/lib/gcc/i686-apple-darwin11/4.2.1/x86_64;/Applications/Xcode.app/Contents/Developer/usr/llvm-gcc-4.2/lib/gcc/i686-apple-darwin11/4.2.1/x86_64;/usr/lib/gcc/i686-apple-darwin11/4.2.1/x86_64;/usr/lib/i686-apple-darwin11/4.2.1;/usr/llvm-gcc-4.2/lib/gcc/i686-apple-darwin11/4.2.1;/usr/llvm-gcc-4.2/lib/gcc;/Applications/Xcode.app/Contents/Developer/usr/llvm-gcc-4.2/lib/gcc/i686-apple-darwin11/4.2.1;/usr/lib/gcc/i686-apple-darwin11/4.2.1;/usr/llvm-gcc-4.2/lib;/Applications/Xcode.app/Contents/Developer/usr/llvm-gcc-4.2/lib]


Determining if the CXX compiler works passed with the following output:
Change Dir: /Users/kareth/code/tron/CMakeFiles/CMakeTmp

Run Build Command:/usr/bin/make "cmTryCompileExec1466909821/fast"
/usr/bin/make -f CMakeFiles/cmTryCompileExec1466909821.dir/build.make CMakeFiles/cmTryCompileExec1466909821.dir/build
/usr/local/Cellar/cmake/2.8.9/bin/cmake -E cmake_progress_report /Users/kareth/code/tron/CMakeFiles/CMakeTmp/CMakeFiles 1
Building CXX object CMakeFiles/cmTryCompileExec1466909821.dir/testCXXCompiler.cxx.o
/usr/bin/c++     -o CMakeFiles/cmTryCompileExec1466909821.dir/testCXXCompiler.cxx.o -c /Users/kareth/code/tron/CMakeFiles/CMakeTmp/testCXXCompiler.cxx
Linking CXX executable cmTryCompileExec1466909821
/usr/local/Cellar/cmake/2.8.9/bin/cmake -E cmake_link_script CMakeFiles/cmTryCompileExec1466909821.dir/link.txt --verbose=1
/usr/bin/c++       -Wl,-search_paths_first -Wl,-headerpad_max_install_names   CMakeFiles/cmTryCompileExec1466909821.dir/testCXXCompiler.cxx.o  -o cmTryCompileExec1466909821  


Detecting CXX compiler ABI info compiled with the following output:
Change Dir: /Users/kareth/code/tron/CMakeFiles/CMakeTmp

Run Build Command:/usr/bin/make "cmTryCompileExec2550452975/fast"
/usr/bin/make -f CMakeFiles/cmTryCompileExec2550452975.dir/build.make CMakeFiles/cmTryCompileExec2550452975.dir/build
/usr/local/Cellar/cmake/2.8.9/bin/cmake -E cmake_progress_report /Users/kareth/code/tron/CMakeFiles/CMakeTmp/CMakeFiles 1
Building CXX object CMakeFiles/cmTryCompileExec2550452975.dir/CMakeCXXCompilerABI.cpp.o
/usr/bin/c++     -o CMakeFiles/cmTryCompileExec2550452975.dir/CMakeCXXCompilerABI.cpp.o -c /usr/local/Cellar/cmake/2.8.9/share/cmake/Modules/CMakeCXXCompilerABI.cpp
Linking CXX executable cmTryCompileExec2550452975
/usr/local/Cellar/cmake/2.8.9/bin/cmake -E cmake_link_script CMakeFiles/cmTryCompileExec2550452975.dir/link.txt --verbose=1
/usr/bin/c++       -Wl,-search_paths_first -Wl,-headerpad_max_install_names -v CMakeFiles/cmTryCompileExec2550452975.dir/CMakeCXXCompilerABI.cpp.o  -o cmTryCompileExec2550452975   
Apple clang version 3.1 (tags/Apple/clang-318.0.58) (based on LLVM 3.1svn)
Target: x86_64-apple-darwin11.4.2
Thread model: posix
 "/usr/bin/ld" -demangle -dynamic -arch x86_64 -macosx_version_min 10.7.4 -o cmTryCompileExec2550452975 -lcrt1.10.6.o -search_paths_first -headerpad_max_install_names CMakeFiles/cmTryCompileExec2550452975.dir/CMakeCXXCompilerABI.cpp.o -lstdc++ -lSystem /usr/bin/../lib/clang/3.1/lib/darwin/libclang_rt.osx.a


Parsed CXX implicit link information from above output:
  link line regex: [^( *|.*[/\])(ld|ld|collect2)[^/\]*( |$)]
  ignore line: [Change Dir: /Users/kareth/code/tron/CMakeFiles/CMakeTmp]
  ignore line: []
  ignore line: [Run Build Command:/usr/bin/make "cmTryCompileExec2550452975/fast"]
  ignore line: [/usr/bin/make -f CMakeFiles/cmTryCompileExec2550452975.dir/build.make CMakeFiles/cmTryCompileExec2550452975.dir/build]
  ignore line: [/usr/local/Cellar/cmake/2.8.9/bin/cmake -E cmake_progress_report /Users/kareth/code/tron/CMakeFiles/CMakeTmp/CMakeFiles 1]
  ignore line: [Building CXX object CMakeFiles/cmTryCompileExec2550452975.dir/CMakeCXXCompilerABI.cpp.o]
  ignore line: [/usr/bin/c++     -o CMakeFiles/cmTryCompileExec2550452975.dir/CMakeCXXCompilerABI.cpp.o -c /usr/local/Cellar/cmake/2.8.9/share/cmake/Modules/CMakeCXXCompilerABI.cpp]
  ignore line: [Linking CXX executable cmTryCompileExec2550452975]
  ignore line: [/usr/local/Cellar/cmake/2.8.9/bin/cmake -E cmake_link_script CMakeFiles/cmTryCompileExec2550452975.dir/link.txt --verbose=1]
  ignore line: [/usr/bin/c++       -Wl,-search_paths_first -Wl,-headerpad_max_install_names -v CMakeFiles/cmTryCompileExec2550452975.dir/CMakeCXXCompilerABI.cpp.o  -o cmTryCompileExec2550452975   ]
  ignore line: [Apple clang version 3.1 (tags/Apple/clang-318.0.58) (based on LLVM 3.1svn)]
  ignore line: [Target: x86_64-apple-darwin11.4.2]
  ignore line: [Thread model: posix]
  link line: [ "/usr/bin/ld" -demangle -dynamic -arch x86_64 -macosx_version_min 10.7.4 -o cmTryCompileExec2550452975 -lcrt1.10.6.o -search_paths_first -headerpad_max_install_names CMakeFiles/cmTryCompileExec2550452975.dir/CMakeCXXCompilerABI.cpp.o -lstdc++ -lSystem /usr/bin/../lib/clang/3.1/lib/darwin/libclang_rt.osx.a]
    arg [/usr/bin/ld] ==> ignore
    arg [-demangle] ==> ignore
    arg [-dynamic] ==> ignore
    arg [-arch] ==> ignore
    arg [x86_64] ==> ignore
    arg [-macosx_version_min] ==> ignore
    arg [10.7.4] ==> ignore
    arg [-o] ==> ignore
    arg [cmTryCompileExec2550452975] ==> ignore
    arg [-lcrt1.10.6.o] ==> lib [crt1.10.6.o]
    arg [-search_paths_first] ==> ignore
    arg [-headerpad_max_install_names] ==> ignore
    arg [CMakeFiles/cmTryCompileExec2550452975.dir/CMakeCXXCompilerABI.cpp.o] ==> ignore
    arg [-lstdc++] ==> lib [stdc++]
    arg [-lSystem] ==> lib [System]
    arg [/usr/bin/../lib/clang/3.1/lib/darwin/libclang_rt.osx.a] ==> lib [/usr/bin/../lib/clang/3.1/lib/darwin/libclang_rt.osx.a]
  remove lib [crt1.10.6.o]
  remove lib [System]
  implicit libs: [stdc++;/usr/bin/../lib/clang/3.1/lib/darwin/libclang_rt.osx.a]
  implicit dirs: []


The system is: Linux - 3.5.0-23-generic - x86_64
Compiling the C compiler identification source file "CMakeCCompilerId.c" succeeded.
Compiler: /usr/bin/gcc 
Build flags: 
Id flags: 

The output was:
0


Compilation of the C compiler identification source "CMakeCCompilerId.c" produced "a.out"

The C compiler identification is GNU, found in "/home/kareth/shared/Users/kareth/code/tron/CMakeFiles/CompilerIdC/a.out"

Compiling the CXX compiler identification source file "CMakeCXXCompilerId.cpp" succeeded.
Compiler: /usr/bin/c++ 
Build flags: 
Id flags: 

The output was:
0


Compilation of the CXX compiler identification source "CMakeCXXCompilerId.cpp" produced "a.out"

The CXX compiler identification is GNU, found in "/home/kareth/shared/Users/kareth/code/tron/CMakeFiles/CompilerIdCXX/a.out"

Determining if the C compiler works passed with the following output:
Change Dir: /home/kareth/shared/Users/kareth/code/tron/CMakeFiles/CMakeTmp

Run Build Command:/usr/bin/make "cmTryCompileExec/fast"
/usr/bin/make -f CMakeFiles/cmTryCompileExec.dir/build.make CMakeFiles/cmTryCompileExec.dir/build
make[1]: Entering directory `/home/kareth/shared/Users/kareth/code/tron/CMakeFiles/CMakeTmp'
/usr/bin/cmake -E cmake_progress_report /home/kareth/shared/Users/kareth/code/tron/CMakeFiles/CMakeTmp/CMakeFiles 1
Building C object CMakeFiles/cmTryCompileExec.dir/testCCompiler.c.o
/usr/bin/gcc    -o CMakeFiles/cmTryCompileExec.dir/testCCompiler.c.o   -c /home/kareth/shared/Users/kareth/code/tron/CMakeFiles/CMakeTmp/testCCompiler.c
Linking C executable cmTryCompileExec
/usr/bin/cmake -E cmake_link_script CMakeFiles/cmTryCompileExec.dir/link.txt --verbose=1
/usr/bin/gcc         CMakeFiles/cmTryCompileExec.dir/testCCompiler.c.o  -o cmTryCompileExec -rdynamic 
make[1]: Leaving directory `/home/kareth/shared/Users/kareth/code/tron/CMakeFiles/CMakeTmp'


Detecting C compiler ABI info compiled with the following output:
Change Dir: /home/kareth/shared/Users/kareth/code/tron/CMakeFiles/CMakeTmp

Run Build Command:/usr/bin/make "cmTryCompileExec/fast"
/usr/bin/make -f CMakeFiles/cmTryCompileExec.dir/build.make CMakeFiles/cmTryCompileExec.dir/build
make[1]: Entering directory `/home/kareth/shared/Users/kareth/code/tron/CMakeFiles/CMakeTmp'
/usr/bin/cmake -E cmake_progress_report /home/kareth/shared/Users/kareth/code/tron/CMakeFiles/CMakeTmp/CMakeFiles 1
Building C object CMakeFiles/cmTryCompileExec.dir/CMakeCCompilerABI.c.o
/usr/bin/gcc    -o CMakeFiles/cmTryCompileExec.dir/CMakeCCompilerABI.c.o   -c /usr/share/cmake-2.8/Modules/CMakeCCompilerABI.c
Linking C executable cmTryCompileExec
/usr/bin/cmake -E cmake_link_script CMakeFiles/cmTryCompileExec.dir/link.txt --verbose=1
/usr/bin/gcc       -v CMakeFiles/cmTryCompileExec.dir/CMakeCCompilerABI.c.o  -o cmTryCompileExec -rdynamic  
Using built-in specs.
Target: x86_64-linux-gnu
Configured with: ../src/configure -v --with-pkgversion='Ubuntu/Linaro 4.4.7-1ubuntu2' --with-bugurl=file:///usr/share/doc/gcc-4.4/README.Bugs --enable-languages=c,c++,fortran,objc,obj-c++ --prefix=/usr --program-suffix=-4.4 --enable-shared --enable-linker-build-id --with-system-zlib --libexecdir=/usr/lib --without-included-gettext --enable-threads=posix --with-gxx-include-dir=/usr/include/c++/4.4 --libdir=/usr/lib --enable-nls --with-sysroot=/ --enable-clocale=gnu --enable-libstdcxx-debug --enable-objc-gc --disable-werror --with-arch-32=i686 --with-tune=generic --enable-checking=release --build=x86_64-linux-gnu --host=x86_64-linux-gnu --target=x86_64-linux-gnu
Thread model: posix
gcc version 4.4.7 (Ubuntu/Linaro 4.4.7-1ubuntu2) 
COMPILER_PATH=/usr/lib/gcc/x86_64-linux-gnu/4.4.7/:/usr/lib/gcc/x86_64-linux-gnu/4.4.7/:/usr/lib/gcc/x86_64-linux-gnu/:/usr/lib/gcc/x86_64-linux-gnu/4.4.7/:/usr/lib/gcc/x86_64-linux-gnu/:/usr/lib/gcc/x86_64-linux-gnu/4.4.7/:/usr/lib/gcc/x86_64-linux-gnu/
LIBRARY_PATH=/usr/lib/gcc/x86_64-linux-gnu/4.4.7/:/usr/lib/gcc/x86_64-linux-gnu/4.4.7/:/usr/lib/gcc/x86_64-linux-gnu/4.4.7/../../../x86_64-linux-gnu/:/usr/lib/gcc/x86_64-linux-gnu/4.4.7/../../../../lib/:/lib/x86_64-linux-gnu/:/lib/../lib/:/usr/lib/x86_64-linux-gnu/:/usr/lib/../lib/:/usr/lib/gcc/x86_64-linux-gnu/4.4.7/../../../:/lib/:/usr/lib/
COLLECT_GCC_OPTIONS='-v' '-o' 'cmTryCompileExec' '-rdynamic' '-mtune=generic'
 /usr/lib/gcc/x86_64-linux-gnu/4.4.7/collect2 --build-id --eh-frame-hdr -m elf_x86_64 --hash-style=gnu -export-dynamic -dynamic-linker /lib64/ld-linux-x86-64.so.2 -o cmTryCompileExec -z relro /usr/lib/gcc/x86_64-linux-gnu/4.4.7/../../../x86_64-linux-gnu/crt1.o /usr/lib/gcc/x86_64-linux-gnu/4.4.7/../../../x86_64-linux-gnu/crti.o /usr/lib/gcc/x86_64-linux-gnu/4.4.7/crtbegin.o -L/usr/lib/gcc/x86_64-linux-gnu/4.4.7 -L/usr/lib/gcc/x86_64-linux-gnu/4.4.7 -L/usr/lib/gcc/x86_64-linux-gnu/4.4.7/../../../x86_64-linux-gnu -L/usr/lib/gcc/x86_64-linux-gnu/4.4.7/../../../../lib -L/lib/x86_64-linux-gnu -L/lib/../lib -L/usr/lib/x86_64-linux-gnu -L/usr/lib/../lib -L/usr/lib/gcc/x86_64-linux-gnu/4.4.7/../../.. CMakeFiles/cmTryCompileExec.dir/CMakeCCompilerABI.c.o -lgcc --as-needed -lgcc_s --no-as-needed -lc -lgcc --as-needed -lgcc_s --no-as-needed /usr/lib/gcc/x86_64-linux-gnu/4.4.7/crtend.o /usr/lib/gcc/x86_64-linux-gnu/4.4.7/../../../x86_64-linux-gnu/crtn.o
make[1]: Leaving directory `/home/kareth/shared/Users/kareth/code/tron/CMakeFiles/CMakeTmp'


Parsed C implicit link information from above output:
  link line regex: [^( *|.*[/\])(ld|ld|collect2)[^/\]*( |$)]
  ignore line: [Change Dir: /home/kareth/shared/Users/kareth/code/tron/CMakeFiles/CMakeTmp]
  ignore line: []
  ignore line: [Run Build Command:/usr/bin/make "cmTryCompileExec/fast"]
  ignore line: [/usr/bin/make -f CMakeFiles/cmTryCompileExec.dir/build.make CMakeFiles/cmTryCompileExec.dir/build]
  ignore line: [make[1]: Entering directory `/home/kareth/shared/Users/kareth/code/tron/CMakeFiles/CMakeTmp']
  ignore line: [/usr/bin/cmake -E cmake_progress_report /home/kareth/shared/Users/kareth/code/tron/CMakeFiles/CMakeTmp/CMakeFiles 1]
  ignore line: [Building C object CMakeFiles/cmTryCompileExec.dir/CMakeCCompilerABI.c.o]
  ignore line: [/usr/bin/gcc    -o CMakeFiles/cmTryCompileExec.dir/CMakeCCompilerABI.c.o   -c /usr/share/cmake-2.8/Modules/CMakeCCompilerABI.c]
  ignore line: [Linking C executable cmTryCompileExec]
  ignore line: [/usr/bin/cmake -E cmake_link_script CMakeFiles/cmTryCompileExec.dir/link.txt --verbose=1]
  ignore line: [/usr/bin/gcc       -v CMakeFiles/cmTryCompileExec.dir/CMakeCCompilerABI.c.o  -o cmTryCompileExec -rdynamic  ]
  ignore line: [Using built-in specs.]
  ignore line: [Target: x86_64-linux-gnu]
  ignore line: [Configured with: ../src/configure -v --with-pkgversion='Ubuntu/Linaro 4.4.7-1ubuntu2' --with-bugurl=file:///usr/share/doc/gcc-4.4/README.Bugs --enable-languages=c,c++,fortran,objc,obj-c++ --prefix=/usr --program-suffix=-4.4 --enable-shared --enable-linker-build-id --with-system-zlib --libexecdir=/usr/lib --without-included-gettext --enable-threads=posix --with-gxx-include-dir=/usr/include/c++/4.4 --libdir=/usr/lib --enable-nls --with-sysroot=/ --enable-clocale=gnu --enable-libstdcxx-debug --enable-objc-gc --disable-werror --with-arch-32=i686 --with-tune=generic --enable-checking=release --build=x86_64-linux-gnu --host=x86_64-linux-gnu --target=x86_64-linux-gnu]
  ignore line: [Thread model: posix]
  ignore line: [gcc version 4.4.7 (Ubuntu/Linaro 4.4.7-1ubuntu2) ]
  ignore line: [COMPILER_PATH=/usr/lib/gcc/x86_64-linux-gnu/4.4.7/:/usr/lib/gcc/x86_64-linux-gnu/4.4.7/:/usr/lib/gcc/x86_64-linux-gnu/:/usr/lib/gcc/x86_64-linux-gnu/4.4.7/:/usr/lib/gcc/x86_64-linux-gnu/:/usr/lib/gcc/x86_64-linux-gnu/4.4.7/:/usr/lib/gcc/x86_64-linux-gnu/]
  ignore line: [LIBRARY_PATH=/usr/lib/gcc/x86_64-linux-gnu/4.4.7/:/usr/lib/gcc/x86_64-linux-gnu/4.4.7/:/usr/lib/gcc/x86_64-linux-gnu/4.4.7/../../../x86_64-linux-gnu/:/usr/lib/gcc/x86_64-linux-gnu/4.4.7/../../../../lib/:/lib/x86_64-linux-gnu/:/lib/../lib/:/usr/lib/x86_64-linux-gnu/:/usr/lib/../lib/:/usr/lib/gcc/x86_64-linux-gnu/4.4.7/../../../:/lib/:/usr/lib/]
  ignore line: [COLLECT_GCC_OPTIONS='-v' '-o' 'cmTryCompileExec' '-rdynamic' '-mtune=generic']
  link line: [ /usr/lib/gcc/x86_64-linux-gnu/4.4.7/collect2 --build-id --eh-frame-hdr -m elf_x86_64 --hash-style=gnu -export-dynamic -dynamic-linker /lib64/ld-linux-x86-64.so.2 -o cmTryCompileExec -z relro /usr/lib/gcc/x86_64-linux-gnu/4.4.7/../../../x86_64-linux-gnu/crt1.o /usr/lib/gcc/x86_64-linux-gnu/4.4.7/../../../x86_64-linux-gnu/crti.o /usr/lib/gcc/x86_64-linux-gnu/4.4.7/crtbegin.o -L/usr/lib/gcc/x86_64-linux-gnu/4.4.7 -L/usr/lib/gcc/x86_64-linux-gnu/4.4.7 -L/usr/lib/gcc/x86_64-linux-gnu/4.4.7/../../../x86_64-linux-gnu -L/usr/lib/gcc/x86_64-linux-gnu/4.4.7/../../../../lib -L/lib/x86_64-linux-gnu -L/lib/../lib -L/usr/lib/x86_64-linux-gnu -L/usr/lib/../lib -L/usr/lib/gcc/x86_64-linux-gnu/4.4.7/../../.. CMakeFiles/cmTryCompileExec.dir/CMakeCCompilerABI.c.o -lgcc --as-needed -lgcc_s --no-as-needed -lc -lgcc --as-needed -lgcc_s --no-as-needed /usr/lib/gcc/x86_64-linux-gnu/4.4.7/crtend.o /usr/lib/gcc/x86_64-linux-gnu/4.4.7/../../../x86_64-linux-gnu/crtn.o]
    arg [/usr/lib/gcc/x86_64-linux-gnu/4.4.7/collect2] ==> ignore
    arg [--build-id] ==> ignore
    arg [--eh-frame-hdr] ==> ignore
    arg [-m] ==> ignore
    arg [elf_x86_64] ==> ignore
    arg [--hash-style=gnu] ==> ignore
    arg [-export-dynamic] ==> ignore
    arg [-dynamic-linker] ==> ignore
    arg [/lib64/ld-linux-x86-64.so.2] ==> ignore
    arg [-o] ==> ignore
    arg [cmTryCompileExec] ==> ignore
    arg [-zrelro] ==> ignore
    arg [/usr/lib/gcc/x86_64-linux-gnu/4.4.7/../../../x86_64-linux-gnu/crt1.o] ==> ignore
    arg [/usr/lib/gcc/x86_64-linux-gnu/4.4.7/../../../x86_64-linux-gnu/crti.o] ==> ignore
    arg [/usr/lib/gcc/x86_64-linux-gnu/4.4.7/crtbegin.o] ==> ignore
    arg [-L/usr/lib/gcc/x86_64-linux-gnu/4.4.7] ==> dir [/usr/lib/gcc/x86_64-linux-gnu/4.4.7]
    arg [-L/usr/lib/gcc/x86_64-linux-gnu/4.4.7] ==> dir [/usr/lib/gcc/x86_64-linux-gnu/4.4.7]
    arg [-L/usr/lib/gcc/x86_64-linux-gnu/4.4.7/../../../x86_64-linux-gnu] ==> dir [/usr/lib/gcc/x86_64-linux-gnu/4.4.7/../../../x86_64-linux-gnu]
    arg [-L/usr/lib/gcc/x86_64-linux-gnu/4.4.7/../../../../lib] ==> dir [/usr/lib/gcc/x86_64-linux-gnu/4.4.7/../../../../lib]
    arg [-L/lib/x86_64-linux-gnu] ==> dir [/lib/x86_64-linux-gnu]
    arg [-L/lib/../lib] ==> dir [/lib/../lib]
    arg [-L/usr/lib/x86_64-linux-gnu] ==> dir [/usr/lib/x86_64-linux-gnu]
    arg [-L/usr/lib/../lib] ==> dir [/usr/lib/../lib]
    arg [-L/usr/lib/gcc/x86_64-linux-gnu/4.4.7/../../..] ==> dir [/usr/lib/gcc/x86_64-linux-gnu/4.4.7/../../..]
    arg [CMakeFiles/cmTryCompileExec.dir/CMakeCCompilerABI.c.o] ==> ignore
    arg [-lgcc] ==> lib [gcc]
    arg [--as-needed] ==> ignore
    arg [-lgcc_s] ==> lib [gcc_s]
    arg [--no-as-needed] ==> ignore
    arg [-lc] ==> lib [c]
    arg [-lgcc] ==> lib [gcc]
    arg [--as-needed] ==> ignore
    arg [-lgcc_s] ==> lib [gcc_s]
    arg [--no-as-needed] ==> ignore
    arg [/usr/lib/gcc/x86_64-linux-gnu/4.4.7/crtend.o] ==> ignore
    arg [/usr/lib/gcc/x86_64-linux-gnu/4.4.7/../../../x86_64-linux-gnu/crtn.o] ==> ignore
  remove lib [gcc]
  remove lib [gcc_s]
  remove lib [gcc]
  remove lib [gcc_s]
  collapse dir [/usr/lib/gcc/x86_64-linux-gnu/4.4.7] ==> [/usr/lib/gcc/x86_64-linux-gnu/4.4.7]
  collapse dir [/usr/lib/gcc/x86_64-linux-gnu/4.4.7] ==> [/usr/lib/gcc/x86_64-linux-gnu/4.4.7]
  collapse dir [/usr/lib/gcc/x86_64-linux-gnu/4.4.7/../../../x86_64-linux-gnu] ==> [/usr/lib/x86_64-linux-gnu]
  collapse dir [/usr/lib/gcc/x86_64-linux-gnu/4.4.7/../../../../lib] ==> [/usr/lib]
  collapse dir [/lib/x86_64-linux-gnu] ==> [/lib/x86_64-linux-gnu]
  collapse dir [/lib/../lib] ==> [/lib]
  collapse dir [/usr/lib/x86_64-linux-gnu] ==> [/usr/lib/x86_64-linux-gnu]
  collapse dir [/usr/lib/../lib] ==> [/usr/lib]
  collapse dir [/usr/lib/gcc/x86_64-linux-gnu/4.4.7/../../..] ==> [/usr/lib]
  implicit libs: [c]
  implicit dirs: [/usr/lib/gcc/x86_64-linux-gnu/4.4.7;/usr/lib/x86_64-linux-gnu;/usr/lib;/lib/x86_64-linux-gnu;/lib]


Determining if the CXX compiler works passed with the following output:
Change Dir: /home/kareth/shared/Users/kareth/code/tron/CMakeFiles/CMakeTmp

Run Build Command:/usr/bin/make "cmTryCompileExec/fast"
/usr/bin/make -f CMakeFiles/cmTryCompileExec.dir/build.make CMakeFiles/cmTryCompileExec.dir/build
make[1]: Entering directory `/home/kareth/shared/Users/kareth/code/tron/CMakeFiles/CMakeTmp'
/usr/bin/cmake -E cmake_progress_report /home/kareth/shared/Users/kareth/code/tron/CMakeFiles/CMakeTmp/CMakeFiles 1
Building CXX object CMakeFiles/cmTryCompileExec.dir/testCXXCompiler.cxx.o
/usr/bin/c++     -o CMakeFiles/cmTryCompileExec.dir/testCXXCompiler.cxx.o -c /home/kareth/shared/Users/kareth/code/tron/CMakeFiles/CMakeTmp/testCXXCompiler.cxx
Linking CXX executable cmTryCompileExec
/usr/bin/cmake -E cmake_link_script CMakeFiles/cmTryCompileExec.dir/link.txt --verbose=1
/usr/bin/c++          CMakeFiles/cmTryCompileExec.dir/testCXXCompiler.cxx.o  -o cmTryCompileExec -rdynamic 
make[1]: Leaving directory `/home/kareth/shared/Users/kareth/code/tron/CMakeFiles/CMakeTmp'


Detecting CXX compiler ABI info compiled with the following output:
Change Dir: /home/kareth/shared/Users/kareth/code/tron/CMakeFiles/CMakeTmp

Run Build Command:/usr/bin/make "cmTryCompileExec/fast"
/usr/bin/make -f CMakeFiles/cmTryCompileExec.dir/build.make CMakeFiles/cmTryCompileExec.dir/build
make[1]: Entering directory `/home/kareth/shared/Users/kareth/code/tron/CMakeFiles/CMakeTmp'
/usr/bin/cmake -E cmake_progress_report /home/kareth/shared/Users/kareth/code/tron/CMakeFiles/CMakeTmp/CMakeFiles 1
Building CXX object CMakeFiles/cmTryCompileExec.dir/CMakeCXXCompilerABI.cpp.o
/usr/bin/c++     -o CMakeFiles/cmTryCompileExec.dir/CMakeCXXCompilerABI.cpp.o -c /usr/share/cmake-2.8/Modules/CMakeCXXCompilerABI.cpp
Linking CXX executable cmTryCompileExec
/usr/bin/cmake -E cmake_link_script CMakeFiles/cmTryCompileExec.dir/link.txt --verbose=1
/usr/bin/c++        -v CMakeFiles/cmTryCompileExec.dir/CMakeCXXCompilerABI.cpp.o  -o cmTryCompileExec -rdynamic  
Using built-in specs.
COLLECT_GCC=/usr/bin/c++
COLLECT_LTO_WRAPPER=/usr/lib/gcc/x86_64-linux-gnu/4.6/lto-wrapper
Target: x86_64-linux-gnu
Configured with: ../src/configure -v --with-pkgversion='Ubuntu/Linaro 4.6.3-1ubuntu5' --with-bugurl=file:///usr/share/doc/gcc-4.6/README.Bugs --enable-languages=c,c++,fortran,objc,obj-c++ --prefix=/usr --program-suffix=-4.6 --enable-shared --enable-linker-build-id --with-system-zlib --libexecdir=/usr/lib --without-included-gettext --enable-threads=posix --with-gxx-include-dir=/usr/include/c++/4.6 --libdir=/usr/lib --enable-nls --with-sysroot=/ --enable-clocale=gnu --enable-libstdcxx-debug --enable-libstdcxx-time=yes --enable-gnu-unique-object --enable-plugin --enable-objc-gc --disable-werror --with-arch-32=i686 --with-tune=generic --enable-checking=release --build=x86_64-linux-gnu --host=x86_64-linux-gnu --target=x86_64-linux-gnu
Thread model: posix
gcc version 4.6.3 (Ubuntu/Linaro 4.6.3-1ubuntu5) 
COMPILER_PATH=/usr/lib/gcc/x86_64-linux-gnu/4.6/:/usr/lib/gcc/x86_64-linux-gnu/4.6/:/usr/lib/gcc/x86_64-linux-gnu/:/usr/lib/gcc/x86_64-linux-gnu/4.6/:/usr/lib/gcc/x86_64-linux-gnu/
LIBRARY_PATH=/usr/lib/gcc/x86_64-linux-gnu/4.6/:/usr/lib/gcc/x86_64-linux-gnu/4.6/../../../x86_64-linux-gnu/:/usr/lib/gcc/x86_64-linux-gnu/4.6/../../../../lib/:/lib/x86_64-linux-gnu/:/lib/../lib/:/usr/lib/x86_64-linux-gnu/:/usr/lib/../lib/:/usr/lib/gcc/x86_64-linux-gnu/4.6/../../../:/lib/:/usr/lib/
COLLECT_GCC_OPTIONS='-v' '-o' 'cmTryCompileExec' '-rdynamic' '-shared-libgcc' '-mtune=generic' '-march=x86-64'
 /usr/lib/gcc/x86_64-linux-gnu/4.6/collect2 --sysroot=/ --build-id --no-add-needed --as-needed --eh-frame-hdr -m elf_x86_64 --hash-style=gnu -export-dynamic -dynamic-linker /lib64/ld-linux-x86-64.so.2 -z relro -o cmTryCompileExec /usr/lib/gcc/x86_64-linux-gnu/4.6/../../../x86_64-linux-gnu/crt1.o /usr/lib/gcc/x86_64-linux-gnu/4.6/../../../x86_64-linux-gnu/crti.o /usr/lib/gcc/x86_64-linux-gnu/4.6/crtbegin.o -L/usr/lib/gcc/x86_64-linux-gnu/4.6 -L/usr/lib/gcc/x86_64-linux-gnu/4.6/../../../x86_64-linux-gnu -L/usr/lib/gcc/x86_64-linux-gnu/4.6/../../../../lib -L/lib/x86_64-linux-gnu -L/lib/../lib -L/usr/lib/x86_64-linux-gnu -L/usr/lib/../lib -L/usr/lib/gcc/x86_64-linux-gnu/4.6/../../.. CMakeFiles/cmTryCompileExec.dir/CMakeCXXCompilerABI.cpp.o -lstdc++ -lm -lgcc_s -lgcc -lc -lgcc_s -lgcc /usr/lib/gcc/x86_64-linux-gnu/4.6/crtend.o /usr/lib/gcc/x86_64-linux-gnu/4.6/../../../x86_64-linux-gnu/crtn.o
make[1]: Leaving directory `/home/kareth/shared/Users/kareth/code/tron/CMakeFiles/CMakeTmp'


Parsed CXX implicit link information from above output:
  link line regex: [^( *|.*[/\])(ld|ld|collect2)[^/\]*( |$)]
  ignore line: [Change Dir: /home/kareth/shared/Users/kareth/code/tron/CMakeFiles/CMakeTmp]
  ignore line: []
  ignore line: [Run Build Command:/usr/bin/make "cmTryCompileExec/fast"]
  ignore line: [/usr/bin/make -f CMakeFiles/cmTryCompileExec.dir/build.make CMakeFiles/cmTryCompileExec.dir/build]
  ignore line: [make[1]: Entering directory `/home/kareth/shared/Users/kareth/code/tron/CMakeFiles/CMakeTmp']
  ignore line: [/usr/bin/cmake -E cmake_progress_report /home/kareth/shared/Users/kareth/code/tron/CMakeFiles/CMakeTmp/CMakeFiles 1]
  ignore line: [Building CXX object CMakeFiles/cmTryCompileExec.dir/CMakeCXXCompilerABI.cpp.o]
  ignore line: [/usr/bin/c++     -o CMakeFiles/cmTryCompileExec.dir/CMakeCXXCompilerABI.cpp.o -c /usr/share/cmake-2.8/Modules/CMakeCXXCompilerABI.cpp]
  ignore line: [Linking CXX executable cmTryCompileExec]
  ignore line: [/usr/bin/cmake -E cmake_link_script CMakeFiles/cmTryCompileExec.dir/link.txt --verbose=1]
  ignore line: [/usr/bin/c++        -v CMakeFiles/cmTryCompileExec.dir/CMakeCXXCompilerABI.cpp.o  -o cmTryCompileExec -rdynamic  ]
  ignore line: [Using built-in specs.]
  ignore line: [COLLECT_GCC=/usr/bin/c++]
  ignore line: [COLLECT_LTO_WRAPPER=/usr/lib/gcc/x86_64-linux-gnu/4.6/lto-wrapper]
  ignore line: [Target: x86_64-linux-gnu]
  ignore line: [Configured with: ../src/configure -v --with-pkgversion='Ubuntu/Linaro 4.6.3-1ubuntu5' --with-bugurl=file:///usr/share/doc/gcc-4.6/README.Bugs --enable-languages=c,c++,fortran,objc,obj-c++ --prefix=/usr --program-suffix=-4.6 --enable-shared --enable-linker-build-id --with-system-zlib --libexecdir=/usr/lib --without-included-gettext --enable-threads=posix --with-gxx-include-dir=/usr/include/c++/4.6 --libdir=/usr/lib --enable-nls --with-sysroot=/ --enable-clocale=gnu --enable-libstdcxx-debug --enable-libstdcxx-time=yes --enable-gnu-unique-object --enable-plugin --enable-objc-gc --disable-werror --with-arch-32=i686 --with-tune=generic --enable-checking=release --build=x86_64-linux-gnu --host=x86_64-linux-gnu --target=x86_64-linux-gnu]
  ignore line: [Thread model: posix]
  ignore line: [gcc version 4.6.3 (Ubuntu/Linaro 4.6.3-1ubuntu5) ]
  ignore line: [COMPILER_PATH=/usr/lib/gcc/x86_64-linux-gnu/4.6/:/usr/lib/gcc/x86_64-linux-gnu/4.6/:/usr/lib/gcc/x86_64-linux-gnu/:/usr/lib/gcc/x86_64-linux-gnu/4.6/:/usr/lib/gcc/x86_64-linux-gnu/]
  ignore line: [LIBRARY_PATH=/usr/lib/gcc/x86_64-linux-gnu/4.6/:/usr/lib/gcc/x86_64-linux-gnu/4.6/../../../x86_64-linux-gnu/:/usr/lib/gcc/x86_64-linux-gnu/4.6/../../../../lib/:/lib/x86_64-linux-gnu/:/lib/../lib/:/usr/lib/x86_64-linux-gnu/:/usr/lib/../lib/:/usr/lib/gcc/x86_64-linux-gnu/4.6/../../../:/lib/:/usr/lib/]
  ignore line: [COLLECT_GCC_OPTIONS='-v' '-o' 'cmTryCompileExec' '-rdynamic' '-shared-libgcc' '-mtune=generic' '-march=x86-64']
  link line: [ /usr/lib/gcc/x86_64-linux-gnu/4.6/collect2 --sysroot=/ --build-id --no-add-needed --as-needed --eh-frame-hdr -m elf_x86_64 --hash-style=gnu -export-dynamic -dynamic-linker /lib64/ld-linux-x86-64.so.2 -z relro -o cmTryCompileExec /usr/lib/gcc/x86_64-linux-gnu/4.6/../../../x86_64-linux-gnu/crt1.o /usr/lib/gcc/x86_64-linux-gnu/4.6/../../../x86_64-linux-gnu/crti.o /usr/lib/gcc/x86_64-linux-gnu/4.6/crtbegin.o -L/usr/lib/gcc/x86_64-linux-gnu/4.6 -L/usr/lib/gcc/x86_64-linux-gnu/4.6/../../../x86_64-linux-gnu -L/usr/lib/gcc/x86_64-linux-gnu/4.6/../../../../lib -L/lib/x86_64-linux-gnu -L/lib/../lib -L/usr/lib/x86_64-linux-gnu -L/usr/lib/../lib -L/usr/lib/gcc/x86_64-linux-gnu/4.6/../../.. CMakeFiles/cmTryCompileExec.dir/CMakeCXXCompilerABI.cpp.o -lstdc++ -lm -lgcc_s -lgcc -lc -lgcc_s -lgcc /usr/lib/gcc/x86_64-linux-gnu/4.6/crtend.o /usr/lib/gcc/x86_64-linux-gnu/4.6/../../../x86_64-linux-gnu/crtn.o]
    arg [/usr/lib/gcc/x86_64-linux-gnu/4.6/collect2] ==> ignore
    arg [--sysroot=/] ==> ignore
    arg [--build-id] ==> ignore
    arg [--no-add-needed] ==> ignore
    arg [--as-needed] ==> ignore
    arg [--eh-frame-hdr] ==> ignore
    arg [-m] ==> ignore
    arg [elf_x86_64] ==> ignore
    arg [--hash-style=gnu] ==> ignore
    arg [-export-dynamic] ==> ignore
    arg [-dynamic-linker] ==> ignore
    arg [/lib64/ld-linux-x86-64.so.2] ==> ignore
    arg [-zrelro] ==> ignore
    arg [-o] ==> ignore
    arg [cmTryCompileExec] ==> ignore
    arg [/usr/lib/gcc/x86_64-linux-gnu/4.6/../../../x86_64-linux-gnu/crt1.o] ==> ignore
    arg [/usr/lib/gcc/x86_64-linux-gnu/4.6/../../../x86_64-linux-gnu/crti.o] ==> ignore
    arg [/usr/lib/gcc/x86_64-linux-gnu/4.6/crtbegin.o] ==> ignore
    arg [-L/usr/lib/gcc/x86_64-linux-gnu/4.6] ==> dir [/usr/lib/gcc/x86_64-linux-gnu/4.6]
    arg [-L/usr/lib/gcc/x86_64-linux-gnu/4.6/../../../x86_64-linux-gnu] ==> dir [/usr/lib/gcc/x86_64-linux-gnu/4.6/../../../x86_64-linux-gnu]
    arg [-L/usr/lib/gcc/x86_64-linux-gnu/4.6/../../../../lib] ==> dir [/usr/lib/gcc/x86_64-linux-gnu/4.6/../../../../lib]
    arg [-L/lib/x86_64-linux-gnu] ==> dir [/lib/x86_64-linux-gnu]
    arg [-L/lib/../lib] ==> dir [/lib/../lib]
    arg [-L/usr/lib/x86_64-linux-gnu] ==> dir [/usr/lib/x86_64-linux-gnu]
    arg [-L/usr/lib/../lib] ==> dir [/usr/lib/../lib]
    arg [-L/usr/lib/gcc/x86_64-linux-gnu/4.6/../../..] ==> dir [/usr/lib/gcc/x86_64-linux-gnu/4.6/../../..]
    arg [CMakeFiles/cmTryCompileExec.dir/CMakeCXXCompilerABI.cpp.o] ==> ignore
    arg [-lstdc++] ==> lib [stdc++]
    arg [-lm] ==> lib [m]
    arg [-lgcc_s] ==> lib [gcc_s]
    arg [-lgcc] ==> lib [gcc]
    arg [-lc] ==> lib [c]
    arg [-lgcc_s] ==> lib [gcc_s]
    arg [-lgcc] ==> lib [gcc]
    arg [/usr/lib/gcc/x86_64-linux-gnu/4.6/crtend.o] ==> ignore
    arg [/usr/lib/gcc/x86_64-linux-gnu/4.6/../../../x86_64-linux-gnu/crtn.o] ==> ignore
  remove lib [gcc_s]
  remove lib [gcc]
  remove lib [gcc_s]
  remove lib [gcc]
  collapse dir [/usr/lib/gcc/x86_64-linux-gnu/4.6] ==> [/usr/lib/gcc/x86_64-linux-gnu/4.6]
  collapse dir [/usr/lib/gcc/x86_64-linux-gnu/4.6/../../../x86_64-linux-gnu] ==> [/usr/lib/x86_64-linux-gnu]
  collapse dir [/usr/lib/gcc/x86_64-linux-gnu/4.6/../../../../lib] ==> [/usr/lib]
  collapse dir [/lib/x86_64-linux-gnu] ==> [/lib/x86_64-linux-gnu]
  collapse dir [/lib/../lib] ==> [/lib]
  collapse dir [/usr/lib/x86_64-linux-gnu] ==> [/usr/lib/x86_64-linux-gnu]
  collapse dir [/usr/lib/../lib] ==> [/usr/lib]
  collapse dir [/usr/lib/gcc/x86_64-linux-gnu/4.6/../../..] ==> [/usr/lib]
  implicit libs: [stdc++;m;c]
  implicit dirs: [/usr/lib/gcc/x86_64-linux-gnu/4.6;/usr/lib/x86_64-linux-gnu;/usr/lib;/lib/x86_64-linux-gnu;/lib]


The system is: Linux - 3.5.0-23-generic - x86_64
Compiling the C compiler identification source file "CMakeCCompilerId.c" succeeded.
Compiler: /usr/bin/gcc 
Build flags: 
Id flags: 

The output was:
0


Compilation of the C compiler identification source "CMakeCCompilerId.c" produced "a.out"

The C compiler identification is GNU, found in "/home/kareth/shared/CMakeFiles/CompilerIdC/a.out"

Compiling the CXX compiler identification source file "CMakeCXXCompilerId.cpp" succeeded.
Compiler: /usr/bin/c++ 
Build flags: 
Id flags: 

The output was:
0


Compilation of the CXX compiler identification source "CMakeCXXCompilerId.cpp" produced "a.out"

The CXX compiler identification is GNU, found in "/home/kareth/shared/CMakeFiles/CompilerIdCXX/a.out"

Determining if the C compiler works passed with the following output:
Change Dir: /home/kareth/shared/CMakeFiles/CMakeTmp

Run Build Command:/usr/bin/make "cmTryCompileExec/fast"
/usr/bin/make -f CMakeFiles/cmTryCompileExec.dir/build.make CMakeFiles/cmTryCompileExec.dir/build
make[1]: Entering directory `/home/kareth/shared/CMakeFiles/CMakeTmp'
/usr/bin/cmake -E cmake_progress_report /home/kareth/shared/CMakeFiles/CMakeTmp/CMakeFiles 1
Building C object CMakeFiles/cmTryCompileExec.dir/testCCompiler.c.o
/usr/bin/gcc    -o CMakeFiles/cmTryCompileExec.dir/testCCompiler.c.o   -c /home/kareth/shared/CMakeFiles/CMakeTmp/testCCompiler.c
Linking C executable cmTryCompileExec
/usr/bin/cmake -E cmake_link_script CMakeFiles/cmTryCompileExec.dir/link.txt --verbose=1
/usr/bin/gcc         CMakeFiles/cmTryCompileExec.dir/testCCompiler.c.o  -o cmTryCompileExec -rdynamic 
make[1]: Leaving directory `/home/kareth/shared/CMakeFiles/CMakeTmp'


Detecting C compiler ABI info compiled with the following output:
Change Dir: /home/kareth/shared/CMakeFiles/CMakeTmp

Run Build Command:/usr/bin/make "cmTryCompileExec/fast"
/usr/bin/make -f CMakeFiles/cmTryCompileExec.dir/build.make CMakeFiles/cmTryCompileExec.dir/build
make[1]: Entering directory `/home/kareth/shared/CMakeFiles/CMakeTmp'
/usr/bin/cmake -E cmake_progress_report /home/kareth/shared/CMakeFiles/CMakeTmp/CMakeFiles 1
Building C object CMakeFiles/cmTryCompileExec.dir/CMakeCCompilerABI.c.o
/usr/bin/gcc    -o CMakeFiles/cmTryCompileExec.dir/CMakeCCompilerABI.c.o   -c /usr/share/cmake-2.8/Modules/CMakeCCompilerABI.c
Linking C executable cmTryCompileExec
/usr/bin/cmake -E cmake_link_script CMakeFiles/cmTryCompileExec.dir/link.txt --verbose=1
/usr/bin/gcc       -v CMakeFiles/cmTryCompileExec.dir/CMakeCCompilerABI.c.o  -o cmTryCompileExec -rdynamic  
Using built-in specs.
Target: x86_64-linux-gnu
Configured with: ../src/configure -v --with-pkgversion='Ubuntu/Linaro 4.4.7-1ubuntu2' --with-bugurl=file:///usr/share/doc/gcc-4.4/README.Bugs --enable-languages=c,c++,fortran,objc,obj-c++ --prefix=/usr --program-suffix=-4.4 --enable-shared --enable-linker-build-id --with-system-zlib --libexecdir=/usr/lib --without-included-gettext --enable-threads=posix --with-gxx-include-dir=/usr/include/c++/4.4 --libdir=/usr/lib --enable-nls --with-sysroot=/ --enable-clocale=gnu --enable-libstdcxx-debug --enable-objc-gc --disable-werror --with-arch-32=i686 --with-tune=generic --enable-checking=release --build=x86_64-linux-gnu --host=x86_64-linux-gnu --target=x86_64-linux-gnu
Thread model: posix
gcc version 4.4.7 (Ubuntu/Linaro 4.4.7-1ubuntu2) 
COMPILER_PATH=/usr/lib/gcc/x86_64-linux-gnu/4.4.7/:/usr/lib/gcc/x86_64-linux-gnu/4.4.7/:/usr/lib/gcc/x86_64-linux-gnu/:/usr/lib/gcc/x86_64-linux-gnu/4.4.7/:/usr/lib/gcc/x86_64-linux-gnu/:/usr/lib/gcc/x86_64-linux-gnu/4.4.7/:/usr/lib/gcc/x86_64-linux-gnu/
LIBRARY_PATH=/usr/lib/gcc/x86_64-linux-gnu/4.4.7/:/usr/lib/gcc/x86_64-linux-gnu/4.4.7/:/usr/lib/gcc/x86_64-linux-gnu/4.4.7/../../../x86_64-linux-gnu/:/usr/lib/gcc/x86_64-linux-gnu/4.4.7/../../../../lib/:/lib/x86_64-linux-gnu/:/lib/../lib/:/usr/lib/x86_64-linux-gnu/:/usr/lib/../lib/:/usr/lib/gcc/x86_64-linux-gnu/4.4.7/../../../:/lib/:/usr/lib/
COLLECT_GCC_OPTIONS='-v' '-o' 'cmTryCompileExec' '-rdynamic' '-mtune=generic'
 /usr/lib/gcc/x86_64-linux-gnu/4.4.7/collect2 --build-id --eh-frame-hdr -m elf_x86_64 --hash-style=gnu -export-dynamic -dynamic-linker /lib64/ld-linux-x86-64.so.2 -o cmTryCompileExec -z relro /usr/lib/gcc/x86_64-linux-gnu/4.4.7/../../../x86_64-linux-gnu/crt1.o /usr/lib/gcc/x86_64-linux-gnu/4.4.7/../../../x86_64-linux-gnu/crti.o /usr/lib/gcc/x86_64-linux-gnu/4.4.7/crtbegin.o -L/usr/lib/gcc/x86_64-linux-gnu/4.4.7 -L/usr/lib/gcc/x86_64-linux-gnu/4.4.7 -L/usr/lib/gcc/x86_64-linux-gnu/4.4.7/../../../x86_64-linux-gnu -L/usr/lib/gcc/x86_64-linux-gnu/4.4.7/../../../../lib -L/lib/x86_64-linux-gnu -L/lib/../lib -L/usr/lib/x86_64-linux-gnu -L/usr/lib/../lib -L/usr/lib/gcc/x86_64-linux-gnu/4.4.7/../../.. CMakeFiles/cmTryCompileExec.dir/CMakeCCompilerABI.c.o -lgcc --as-needed -lgcc_s --no-as-needed -lc -lgcc --as-needed -lgcc_s --no-as-needed /usr/lib/gcc/x86_64-linux-gnu/4.4.7/crtend.o /usr/lib/gcc/x86_64-linux-gnu/4.4.7/../../../x86_64-linux-gnu/crtn.o
make[1]: Leaving directory `/home/kareth/shared/CMakeFiles/CMakeTmp'


Parsed C implicit link information from above output:
  link line regex: [^( *|.*[/\])(ld|ld|collect2)[^/\]*( |$)]
  ignore line: [Change Dir: /home/kareth/shared/CMakeFiles/CMakeTmp]
  ignore line: []
  ignore line: [Run Build Command:/usr/bin/make "cmTryCompileExec/fast"]
  ignore line: [/usr/bin/make -f CMakeFiles/cmTryCompileExec.dir/build.make CMakeFiles/cmTryCompileExec.dir/build]
  ignore line: [make[1]: Entering directory `/home/kareth/shared/CMakeFiles/CMakeTmp']
  ignore line: [/usr/bin/cmake -E cmake_progress_report /home/kareth/shared/CMakeFiles/CMakeTmp/CMakeFiles 1]
  ignore line: [Building C object CMakeFiles/cmTryCompileExec.dir/CMakeCCompilerABI.c.o]
  ignore line: [/usr/bin/gcc    -o CMakeFiles/cmTryCompileExec.dir/CMakeCCompilerABI.c.o   -c /usr/share/cmake-2.8/Modules/CMakeCCompilerABI.c]
  ignore line: [Linking C executable cmTryCompileExec]
  ignore line: [/usr/bin/cmake -E cmake_link_script CMakeFiles/cmTryCompileExec.dir/link.txt --verbose=1]
  ignore line: [/usr/bin/gcc       -v CMakeFiles/cmTryCompileExec.dir/CMakeCCompilerABI.c.o  -o cmTryCompileExec -rdynamic  ]
  ignore line: [Using built-in specs.]
  ignore line: [Target: x86_64-linux-gnu]
  ignore line: [Configured with: ../src/configure -v --with-pkgversion='Ubuntu/Linaro 4.4.7-1ubuntu2' --with-bugurl=file:///usr/share/doc/gcc-4.4/README.Bugs --enable-languages=c,c++,fortran,objc,obj-c++ --prefix=/usr --program-suffix=-4.4 --enable-shared --enable-linker-build-id --with-system-zlib --libexecdir=/usr/lib --without-included-gettext --enable-threads=posix --with-gxx-include-dir=/usr/include/c++/4.4 --libdir=/usr/lib --enable-nls --with-sysroot=/ --enable-clocale=gnu --enable-libstdcxx-debug --enable-objc-gc --disable-werror --with-arch-32=i686 --with-tune=generic --enable-checking=release --build=x86_64-linux-gnu --host=x86_64-linux-gnu --target=x86_64-linux-gnu]
  ignore line: [Thread model: posix]
  ignore line: [gcc version 4.4.7 (Ubuntu/Linaro 4.4.7-1ubuntu2) ]
  ignore line: [COMPILER_PATH=/usr/lib/gcc/x86_64-linux-gnu/4.4.7/:/usr/lib/gcc/x86_64-linux-gnu/4.4.7/:/usr/lib/gcc/x86_64-linux-gnu/:/usr/lib/gcc/x86_64-linux-gnu/4.4.7/:/usr/lib/gcc/x86_64-linux-gnu/:/usr/lib/gcc/x86_64-linux-gnu/4.4.7/:/usr/lib/gcc/x86_64-linux-gnu/]
  ignore line: [LIBRARY_PATH=/usr/lib/gcc/x86_64-linux-gnu/4.4.7/:/usr/lib/gcc/x86_64-linux-gnu/4.4.7/:/usr/lib/gcc/x86_64-linux-gnu/4.4.7/../../../x86_64-linux-gnu/:/usr/lib/gcc/x86_64-linux-gnu/4.4.7/../../../../lib/:/lib/x86_64-linux-gnu/:/lib/../lib/:/usr/lib/x86_64-linux-gnu/:/usr/lib/../lib/:/usr/lib/gcc/x86_64-linux-gnu/4.4.7/../../../:/lib/:/usr/lib/]
  ignore line: [COLLECT_GCC_OPTIONS='-v' '-o' 'cmTryCompileExec' '-rdynamic' '-mtune=generic']
  link line: [ /usr/lib/gcc/x86_64-linux-gnu/4.4.7/collect2 --build-id --eh-frame-hdr -m elf_x86_64 --hash-style=gnu -export-dynamic -dynamic-linker /lib64/ld-linux-x86-64.so.2 -o cmTryCompileExec -z relro /usr/lib/gcc/x86_64-linux-gnu/4.4.7/../../../x86_64-linux-gnu/crt1.o /usr/lib/gcc/x86_64-linux-gnu/4.4.7/../../../x86_64-linux-gnu/crti.o /usr/lib/gcc/x86_64-linux-gnu/4.4.7/crtbegin.o -L/usr/lib/gcc/x86_64-linux-gnu/4.4.7 -L/usr/lib/gcc/x86_64-linux-gnu/4.4.7 -L/usr/lib/gcc/x86_64-linux-gnu/4.4.7/../../../x86_64-linux-gnu -L/usr/lib/gcc/x86_64-linux-gnu/4.4.7/../../../../lib -L/lib/x86_64-linux-gnu -L/lib/../lib -L/usr/lib/x86_64-linux-gnu -L/usr/lib/../lib -L/usr/lib/gcc/x86_64-linux-gnu/4.4.7/../../.. CMakeFiles/cmTryCompileExec.dir/CMakeCCompilerABI.c.o -lgcc --as-needed -lgcc_s --no-as-needed -lc -lgcc --as-needed -lgcc_s --no-as-needed /usr/lib/gcc/x86_64-linux-gnu/4.4.7/crtend.o /usr/lib/gcc/x86_64-linux-gnu/4.4.7/../../../x86_64-linux-gnu/crtn.o]
    arg [/usr/lib/gcc/x86_64-linux-gnu/4.4.7/collect2] ==> ignore
    arg [--build-id] ==> ignore
    arg [--eh-frame-hdr] ==> ignore
    arg [-m] ==> ignore
    arg [elf_x86_64] ==> ignore
    arg [--hash-style=gnu] ==> ignore
    arg [-export-dynamic] ==> ignore
    arg [-dynamic-linker] ==> ignore
    arg [/lib64/ld-linux-x86-64.so.2] ==> ignore
    arg [-o] ==> ignore
    arg [cmTryCompileExec] ==> ignore
    arg [-zrelro] ==> ignore
    arg [/usr/lib/gcc/x86_64-linux-gnu/4.4.7/../../../x86_64-linux-gnu/crt1.o] ==> ignore
    arg [/usr/lib/gcc/x86_64-linux-gnu/4.4.7/../../../x86_64-linux-gnu/crti.o] ==> ignore
    arg [/usr/lib/gcc/x86_64-linux-gnu/4.4.7/crtbegin.o] ==> ignore
    arg [-L/usr/lib/gcc/x86_64-linux-gnu/4.4.7] ==> dir [/usr/lib/gcc/x86_64-linux-gnu/4.4.7]
    arg [-L/usr/lib/gcc/x86_64-linux-gnu/4.4.7] ==> dir [/usr/lib/gcc/x86_64-linux-gnu/4.4.7]
    arg [-L/usr/lib/gcc/x86_64-linux-gnu/4.4.7/../../../x86_64-linux-gnu] ==> dir [/usr/lib/gcc/x86_64-linux-gnu/4.4.7/../../../x86_64-linux-gnu]
    arg [-L/usr/lib/gcc/x86_64-linux-gnu/4.4.7/../../../../lib] ==> dir [/usr/lib/gcc/x86_64-linux-gnu/4.4.7/../../../../lib]
    arg [-L/lib/x86_64-linux-gnu] ==> dir [/lib/x86_64-linux-gnu]
    arg [-L/lib/../lib] ==> dir [/lib/../lib]
    arg [-L/usr/lib/x86_64-linux-gnu] ==> dir [/usr/lib/x86_64-linux-gnu]
    arg [-L/usr/lib/../lib] ==> dir [/usr/lib/../lib]
    arg [-L/usr/lib/gcc/x86_64-linux-gnu/4.4.7/../../..] ==> dir [/usr/lib/gcc/x86_64-linux-gnu/4.4.7/../../..]
    arg [CMakeFiles/cmTryCompileExec.dir/CMakeCCompilerABI.c.o] ==> ignore
    arg [-lgcc] ==> lib [gcc]
    arg [--as-needed] ==> ignore
    arg [-lgcc_s] ==> lib [gcc_s]
    arg [--no-as-needed] ==> ignore
    arg [-lc] ==> lib [c]
    arg [-lgcc] ==> lib [gcc]
    arg [--as-needed] ==> ignore
    arg [-lgcc_s] ==> lib [gcc_s]
    arg [--no-as-needed] ==> ignore
    arg [/usr/lib/gcc/x86_64-linux-gnu/4.4.7/crtend.o] ==> ignore
    arg [/usr/lib/gcc/x86_64-linux-gnu/4.4.7/../../../x86_64-linux-gnu/crtn.o] ==> ignore
  remove lib [gcc]
  remove lib [gcc_s]
  remove lib [gcc]
  remove lib [gcc_s]
  collapse dir [/usr/lib/gcc/x86_64-linux-gnu/4.4.7] ==> [/usr/lib/gcc/x86_64-linux-gnu/4.4.7]
  collapse dir [/usr/lib/gcc/x86_64-linux-gnu/4.4.7] ==> [/usr/lib/gcc/x86_64-linux-gnu/4.4.7]
  collapse dir [/usr/lib/gcc/x86_64-linux-gnu/4.4.7/../../../x86_64-linux-gnu] ==> [/usr/lib/x86_64-linux-gnu]
  collapse dir [/usr/lib/gcc/x86_64-linux-gnu/4.4.7/../../../../lib] ==> [/usr/lib]
  collapse dir [/lib/x86_64-linux-gnu] ==> [/lib/x86_64-linux-gnu]
  collapse dir [/lib/../lib] ==> [/lib]
  collapse dir [/usr/lib/x86_64-linux-gnu] ==> [/usr/lib/x86_64-linux-gnu]
  collapse dir [/usr/lib/../lib] ==> [/usr/lib]
  collapse dir [/usr/lib/gcc/x86_64-linux-gnu/4.4.7/../../..] ==> [/usr/lib]
  implicit libs: [c]
  implicit dirs: [/usr/lib/gcc/x86_64-linux-gnu/4.4.7;/usr/lib/x86_64-linux-gnu;/usr/lib;/lib/x86_64-linux-gnu;/lib]


Determining if the CXX compiler works passed with the following output:
Change Dir: /home/kareth/shared/CMakeFiles/CMakeTmp

Run Build Command:/usr/bin/make "cmTryCompileExec/fast"
/usr/bin/make -f CMakeFiles/cmTryCompileExec.dir/build.make CMakeFiles/cmTryCompileExec.dir/build
make[1]: Entering directory `/home/kareth/shared/CMakeFiles/CMakeTmp'
/usr/bin/cmake -E cmake_progress_report /home/kareth/shared/CMakeFiles/CMakeTmp/CMakeFiles 1
Building CXX object CMakeFiles/cmTryCompileExec.dir/testCXXCompiler.cxx.o
/usr/bin/c++     -o CMakeFiles/cmTryCompileExec.dir/testCXXCompiler.cxx.o -c /home/kareth/shared/CMakeFiles/CMakeTmp/testCXXCompiler.cxx
Linking CXX executable cmTryCompileExec
/usr/bin/cmake -E cmake_link_script CMakeFiles/cmTryCompileExec.dir/link.txt --verbose=1
/usr/bin/c++          CMakeFiles/cmTryCompileExec.dir/testCXXCompiler.cxx.o  -o cmTryCompileExec -rdynamic 
make[1]: Leaving directory `/home/kareth/shared/CMakeFiles/CMakeTmp'


Detecting CXX compiler ABI info compiled with the following output:
Change Dir: /home/kareth/shared/CMakeFiles/CMakeTmp

Run Build Command:/usr/bin/make "cmTryCompileExec/fast"
/usr/bin/make -f CMakeFiles/cmTryCompileExec.dir/build.make CMakeFiles/cmTryCompileExec.dir/build
make[1]: Entering directory `/home/kareth/shared/CMakeFiles/CMakeTmp'
/usr/bin/cmake -E cmake_progress_report /home/kareth/shared/CMakeFiles/CMakeTmp/CMakeFiles 1
Building CXX object CMakeFiles/cmTryCompileExec.dir/CMakeCXXCompilerABI.cpp.o
/usr/bin/c++     -o CMakeFiles/cmTryCompileExec.dir/CMakeCXXCompilerABI.cpp.o -c /usr/share/cmake-2.8/Modules/CMakeCXXCompilerABI.cpp
Linking CXX executable cmTryCompileExec
/usr/bin/cmake -E cmake_link_script CMakeFiles/cmTryCompileExec.dir/link.txt --verbose=1
/usr/bin/c++        -v CMakeFiles/cmTryCompileExec.dir/CMakeCXXCompilerABI.cpp.o  -o cmTryCompileExec -rdynamic  
Using built-in specs.
COLLECT_GCC=/usr/bin/c++
COLLECT_LTO_WRAPPER=/usr/lib/gcc/x86_64-linux-gnu/4.6/lto-wrapper
Target: x86_64-linux-gnu
Configured with: ../src/configure -v --with-pkgversion='Ubuntu/Linaro 4.6.3-1ubuntu5' --with-bugurl=file:///usr/share/doc/gcc-4.6/README.Bugs --enable-languages=c,c++,fortran,objc,obj-c++ --prefix=/usr --program-suffix=-4.6 --enable-shared --enable-linker-build-id --with-system-zlib --libexecdir=/usr/lib --without-included-gettext --enable-threads=posix --with-gxx-include-dir=/usr/include/c++/4.6 --libdir=/usr/lib --enable-nls --with-sysroot=/ --enable-clocale=gnu --enable-libstdcxx-debug --enable-libstdcxx-time=yes --enable-gnu-unique-object --enable-plugin --enable-objc-gc --disable-werror --with-arch-32=i686 --with-tune=generic --enable-checking=release --build=x86_64-linux-gnu --host=x86_64-linux-gnu --target=x86_64-linux-gnu
Thread model: posix
gcc version 4.6.3 (Ubuntu/Linaro 4.6.3-1ubuntu5) 
COMPILER_PATH=/usr/lib/gcc/x86_64-linux-gnu/4.6/:/usr/lib/gcc/x86_64-linux-gnu/4.6/:/usr/lib/gcc/x86_64-linux-gnu/:/usr/lib/gcc/x86_64-linux-gnu/4.6/:/usr/lib/gcc/x86_64-linux-gnu/
LIBRARY_PATH=/usr/lib/gcc/x86_64-linux-gnu/4.6/:/usr/lib/gcc/x86_64-linux-gnu/4.6/../../../x86_64-linux-gnu/:/usr/lib/gcc/x86_64-linux-gnu/4.6/../../../../lib/:/lib/x86_64-linux-gnu/:/lib/../lib/:/usr/lib/x86_64-linux-gnu/:/usr/lib/../lib/:/usr/lib/gcc/x86_64-linux-gnu/4.6/../../../:/lib/:/usr/lib/
COLLECT_GCC_OPTIONS='-v' '-o' 'cmTryCompileExec' '-rdynamic' '-shared-libgcc' '-mtune=generic' '-march=x86-64'
 /usr/lib/gcc/x86_64-linux-gnu/4.6/collect2 --sysroot=/ --build-id --no-add-needed --as-needed --eh-frame-hdr -m elf_x86_64 --hash-style=gnu -export-dynamic -dynamic-linker /lib64/ld-linux-x86-64.so.2 -z relro -o cmTryCompileExec /usr/lib/gcc/x86_64-linux-gnu/4.6/../../../x86_64-linux-gnu/crt1.o /usr/lib/gcc/x86_64-linux-gnu/4.6/../../../x86_64-linux-gnu/crti.o /usr/lib/gcc/x86_64-linux-gnu/4.6/crtbegin.o -L/usr/lib/gcc/x86_64-linux-gnu/4.6 -L/usr/lib/gcc/x86_64-linux-gnu/4.6/../../../x86_64-linux-gnu -L/usr/lib/gcc/x86_64-linux-gnu/4.6/../../../../lib -L/lib/x86_64-linux-gnu -L/lib/../lib -L/usr/lib/x86_64-linux-gnu -L/usr/lib/../lib -L/usr/lib/gcc/x86_64-linux-gnu/4.6/../../.. CMakeFiles/cmTryCompileExec.dir/CMakeCXXCompilerABI.cpp.o -lstdc++ -lm -lgcc_s -lgcc -lc -lgcc_s -lgcc /usr/lib/gcc/x86_64-linux-gnu/4.6/crtend.o /usr/lib/gcc/x86_64-linux-gnu/4.6/../../../x86_64-linux-gnu/crtn.o
make[1]: Leaving directory `/home/kareth/shared/CMakeFiles/CMakeTmp'


Parsed CXX implicit link information from above output:
  link line regex: [^( *|.*[/\])(ld|ld|collect2)[^/\]*( |$)]
  ignore line: [Change Dir: /home/kareth/shared/CMakeFiles/CMakeTmp]
  ignore line: []
  ignore line: [Run Build Command:/usr/bin/make "cmTryCompileExec/fast"]
  ignore line: [/usr/bin/make -f CMakeFiles/cmTryCompileExec.dir/build.make CMakeFiles/cmTryCompileExec.dir/build]
  ignore line: [make[1]: Entering directory `/home/kareth/shared/CMakeFiles/CMakeTmp']
  ignore line: [/usr/bin/cmake -E cmake_progress_report /home/kareth/shared/CMakeFiles/CMakeTmp/CMakeFiles 1]
  ignore line: [Building CXX object CMakeFiles/cmTryCompileExec.dir/CMakeCXXCompilerABI.cpp.o]
  ignore line: [/usr/bin/c++     -o CMakeFiles/cmTryCompileExec.dir/CMakeCXXCompilerABI.cpp.o -c /usr/share/cmake-2.8/Modules/CMakeCXXCompilerABI.cpp]
  ignore line: [Linking CXX executable cmTryCompileExec]
  ignore line: [/usr/bin/cmake -E cmake_link_script CMakeFiles/cmTryCompileExec.dir/link.txt --verbose=1]
  ignore line: [/usr/bin/c++        -v CMakeFiles/cmTryCompileExec.dir/CMakeCXXCompilerABI.cpp.o  -o cmTryCompileExec -rdynamic  ]
  ignore line: [Using built-in specs.]
  ignore line: [COLLECT_GCC=/usr/bin/c++]
  ignore line: [COLLECT_LTO_WRAPPER=/usr/lib/gcc/x86_64-linux-gnu/4.6/lto-wrapper]
  ignore line: [Target: x86_64-linux-gnu]
  ignore line: [Configured with: ../src/configure -v --with-pkgversion='Ubuntu/Linaro 4.6.3-1ubuntu5' --with-bugurl=file:///usr/share/doc/gcc-4.6/README.Bugs --enable-languages=c,c++,fortran,objc,obj-c++ --prefix=/usr --program-suffix=-4.6 --enable-shared --enable-linker-build-id --with-system-zlib --libexecdir=/usr/lib --without-included-gettext --enable-threads=posix --with-gxx-include-dir=/usr/include/c++/4.6 --libdir=/usr/lib --enable-nls --with-sysroot=/ --enable-clocale=gnu --enable-libstdcxx-debug --enable-libstdcxx-time=yes --enable-gnu-unique-object --enable-plugin --enable-objc-gc --disable-werror --with-arch-32=i686 --with-tune=generic --enable-checking=release --build=x86_64-linux-gnu --host=x86_64-linux-gnu --target=x86_64-linux-gnu]
  ignore line: [Thread model: posix]
  ignore line: [gcc version 4.6.3 (Ubuntu/Linaro 4.6.3-1ubuntu5) ]
  ignore line: [COMPILER_PATH=/usr/lib/gcc/x86_64-linux-gnu/4.6/:/usr/lib/gcc/x86_64-linux-gnu/4.6/:/usr/lib/gcc/x86_64-linux-gnu/:/usr/lib/gcc/x86_64-linux-gnu/4.6/:/usr/lib/gcc/x86_64-linux-gnu/]
  ignore line: [LIBRARY_PATH=/usr/lib/gcc/x86_64-linux-gnu/4.6/:/usr/lib/gcc/x86_64-linux-gnu/4.6/../../../x86_64-linux-gnu/:/usr/lib/gcc/x86_64-linux-gnu/4.6/../../../../lib/:/lib/x86_64-linux-gnu/:/lib/../lib/:/usr/lib/x86_64-linux-gnu/:/usr/lib/../lib/:/usr/lib/gcc/x86_64-linux-gnu/4.6/../../../:/lib/:/usr/lib/]
  ignore line: [COLLECT_GCC_OPTIONS='-v' '-o' 'cmTryCompileExec' '-rdynamic' '-shared-libgcc' '-mtune=generic' '-march=x86-64']
  link line: [ /usr/lib/gcc/x86_64-linux-gnu/4.6/collect2 --sysroot=/ --build-id --no-add-needed --as-needed --eh-frame-hdr -m elf_x86_64 --hash-style=gnu -export-dynamic -dynamic-linker /lib64/ld-linux-x86-64.so.2 -z relro -o cmTryCompileExec /usr/lib/gcc/x86_64-linux-gnu/4.6/../../../x86_64-linux-gnu/crt1.o /usr/lib/gcc/x86_64-linux-gnu/4.6/../../../x86_64-linux-gnu/crti.o /usr/lib/gcc/x86_64-linux-gnu/4.6/crtbegin.o -L/usr/lib/gcc/x86_64-linux-gnu/4.6 -L/usr/lib/gcc/x86_64-linux-gnu/4.6/../../../x86_64-linux-gnu -L/usr/lib/gcc/x86_64-linux-gnu/4.6/../../../../lib -L/lib/x86_64-linux-gnu -L/lib/../lib -L/usr/lib/x86_64-linux-gnu -L/usr/lib/../lib -L/usr/lib/gcc/x86_64-linux-gnu/4.6/../../.. CMakeFiles/cmTryCompileExec.dir/CMakeCXXCompilerABI.cpp.o -lstdc++ -lm -lgcc_s -lgcc -lc -lgcc_s -lgcc /usr/lib/gcc/x86_64-linux-gnu/4.6/crtend.o /usr/lib/gcc/x86_64-linux-gnu/4.6/../../../x86_64-linux-gnu/crtn.o]
    arg [/usr/lib/gcc/x86_64-linux-gnu/4.6/collect2] ==> ignore
    arg [--sysroot=/] ==> ignore
    arg [--build-id] ==> ignore
    arg [--no-add-needed] ==> ignore
    arg [--as-needed] ==> ignore
    arg [--eh-frame-hdr] ==> ignore
    arg [-m] ==> ignore
    arg [elf_x86_64] ==> ignore
    arg [--hash-style=gnu] ==> ignore
    arg [-export-dynamic] ==> ignore
    arg [-dynamic-linker] ==> ignore
    arg [/lib64/ld-linux-x86-64.so.2] ==> ignore
    arg [-zrelro] ==> ignore
    arg [-o] ==> ignore
    arg [cmTryCompileExec] ==> ignore
    arg [/usr/lib/gcc/x86_64-linux-gnu/4.6/../../../x86_64-linux-gnu/crt1.o] ==> ignore
    arg [/usr/lib/gcc/x86_64-linux-gnu/4.6/../../../x86_64-linux-gnu/crti.o] ==> ignore
    arg [/usr/lib/gcc/x86_64-linux-gnu/4.6/crtbegin.o] ==> ignore
    arg [-L/usr/lib/gcc/x86_64-linux-gnu/4.6] ==> dir [/usr/lib/gcc/x86_64-linux-gnu/4.6]
    arg [-L/usr/lib/gcc/x86_64-linux-gnu/4.6/../../../x86_64-linux-gnu] ==> dir [/usr/lib/gcc/x86_64-linux-gnu/4.6/../../../x86_64-linux-gnu]
    arg [-L/usr/lib/gcc/x86_64-linux-gnu/4.6/../../../../lib] ==> dir [/usr/lib/gcc/x86_64-linux-gnu/4.6/../../../../lib]
    arg [-L/lib/x86_64-linux-gnu] ==> dir [/lib/x86_64-linux-gnu]
    arg [-L/lib/../lib] ==> dir [/lib/../lib]
    arg [-L/usr/lib/x86_64-linux-gnu] ==> dir [/usr/lib/x86_64-linux-gnu]
    arg [-L/usr/lib/../lib] ==> dir [/usr/lib/../lib]
    arg [-L/usr/lib/gcc/x86_64-linux-gnu/4.6/../../..] ==> dir [/usr/lib/gcc/x86_64-linux-gnu/4.6/../../..]
    arg [CMakeFiles/cmTryCompileExec.dir/CMakeCXXCompilerABI.cpp.o] ==> ignore
    arg [-lstdc++] ==> lib [stdc++]
    arg [-lm] ==> lib [m]
    arg [-lgcc_s] ==> lib [gcc_s]
    arg [-lgcc] ==> lib [gcc]
    arg [-lc] ==> lib [c]
    arg [-lgcc_s] ==> lib [gcc_s]
    arg [-lgcc] ==> lib [gcc]
    arg [/usr/lib/gcc/x86_64-linux-gnu/4.6/crtend.o] ==> ignore
    arg [/usr/lib/gcc/x86_64-linux-gnu/4.6/../../../x86_64-linux-gnu/crtn.o] ==> ignore
  remove lib [gcc_s]
  remove lib [gcc]
  remove lib [gcc_s]
  remove lib [gcc]
  collapse dir [/usr/lib/gcc/x86_64-linux-gnu/4.6] ==> [/usr/lib/gcc/x86_64-linux-gnu/4.6]
  collapse dir [/usr/lib/gcc/x86_64-linux-gnu/4.6/../../../x86_64-linux-gnu] ==> [/usr/lib/x86_64-linux-gnu]
  collapse dir [/usr/lib/gcc/x86_64-linux-gnu/4.6/../../../../lib] ==> [/usr/lib]
  collapse dir [/lib/x86_64-linux-gnu] ==> [/lib/x86_64-linux-gnu]
  collapse dir [/lib/../lib] ==> [/lib]
  collapse dir [/usr/lib/x86_64-linux-gnu] ==> [/usr/lib/x86_64-linux-gnu]
  collapse dir [/usr/lib/../lib] ==> [/usr/lib]
  collapse dir [/usr/lib/gcc/x86_64-linux-gnu/4.6/../../..] ==> [/usr/lib]
  implicit libs: [stdc++;m;c]
  implicit dirs: [/usr/lib/gcc/x86_64-linux-gnu/4.6;/usr/lib/x86_64-linux-gnu;/usr/lib;/lib/x86_64-linux-gnu;/lib]


